** Daemonized, any open files are closed.  Look at /Users/myshen/work/sites/cchdo_white/trunk/tmp/pids/mongrel.pid and log/mongrel.log for info.
** Starting Mongrel listening at 0.0.0.0:3000
** Starting Rails with development environment...
** Rails loaded.
** Loading any Rails specific GemPlugins
** Signals ready.  TERM => stop.  USR2 => restart.  INT => stop (no restart).
** Rails signals registered.  HUP => reload (without restart).  It might not work well.
** Mongrel 1.1.5 available at 0.0.0.0:3000
** Writing PID file to /Users/myshen/work/sites/cchdo_white/trunk/tmp/pids/mongrel.pid
** TERM signal received.
** Daemonized, any open files are closed.  Look at /Users/myshen/work/sites/cchdo_white/trunk/tmp/pids/mongrel.pid and log/mongrel.log for info.
** Starting Mongrel listening at 0.0.0.0:3000
** Starting Rails with development environment...
** Rails loaded.
** Loading any Rails specific GemPlugins
** Signals ready.  TERM => stop.  USR2 => restart.  INT => stop (no restart).
** Rails signals registered.  HUP => reload (without restart).  It might not work well.
** Mongrel 1.1.5 available at 0.0.0.0:3000
** Writing PID file to /Users/myshen/work/sites/cchdo_white/trunk/tmp/pids/mongrel.pid
** TERM signal received.
** Daemonized, any open files are closed.  Look at /Users/myshen/work/sites/cchdo_white/trunk/tmp/pids/mongrel.pid and log/mongrel.log for info.
** Starting Mongrel listening at 0.0.0.0:3000
** Starting Rails with development environment...
** Rails loaded.
** Loading any Rails specific GemPlugins
** Signals ready.  TERM => stop.  USR2 => restart.  INT => stop (no restart).
** Rails signals registered.  HUP => reload (without restart).  It might not work well.
** Mongrel 1.1.5 available at 0.0.0.0:3000
** Writing PID file to /Users/myshen/work/sites/cchdo_white/trunk/tmp/pids/mongrel.pid
** TERM signal received.
** Daemonized, any open files are closed.  Look at /Users/myshen/work/sites/old_cchdo_white/trunk/tmp/pids/mongrel.pid and log/mongrel.log for info.
** Starting Mongrel listening at 0.0.0.0:3000
** Starting Rails with development environment...
/Library/Ruby/Gems/1.8/gems/activerecord-2.2.2/lib/active_record/connection_adapters/mysql_adapter.rb:548:in `real_connect': Access denied for user 'cchdo_rails'@'goship.ucsd.edu' (using password: YES) (Mysql::Error)
	from /Library/Ruby/Gems/1.8/gems/activerecord-2.2.2/lib/active_record/connection_adapters/mysql_adapter.rb:548:in `connect'
	from /Library/Ruby/Gems/1.8/gems/activerecord-2.2.2/lib/active_record/connection_adapters/mysql_adapter.rb:198:in `initialize'
	from /Library/Ruby/Gems/1.8/gems/activerecord-2.2.2/lib/active_record/connection_adapters/mysql_adapter.rb:74:in `new'
	from /Library/Ruby/Gems/1.8/gems/activerecord-2.2.2/lib/active_record/connection_adapters/mysql_adapter.rb:74:in `mysql_connection'
	from /Library/Ruby/Gems/1.8/gems/activerecord-2.2.2/lib/active_record/connection_adapters/abstract/connection_pool.rb:223:in `send'
	from /Library/Ruby/Gems/1.8/gems/activerecord-2.2.2/lib/active_record/connection_adapters/abstract/connection_pool.rb:223:in `new_connection'
	from /Library/Ruby/Gems/1.8/gems/activerecord-2.2.2/lib/active_record/connection_adapters/abstract/connection_pool.rb:245:in `checkout_new_connection'
	from /Library/Ruby/Gems/1.8/gems/activerecord-2.2.2/lib/active_record/connection_adapters/abstract/connection_pool.rb:188:in `checkout'
	 ... 32 levels...
	from /Library/Ruby/Gems/1.8/gems/mongrel-1.1.5/bin/../lib/mongrel/command.rb:212:in `run'
	from /Library/Ruby/Gems/1.8/gems/mongrel-1.1.5/bin/mongrel_rails:281
	from /usr/bin/mongrel_rails:19:in `load'
	from /usr/bin/mongrel_rails:19
** Daemonized, any open files are closed.  Look at /Users/myshen/work/sites/old_cchdo_white/trunk/tmp/pids/mongrel.pid and log/mongrel.log for info.
** Starting Mongrel listening at 0.0.0.0:3000
** Starting Rails with development environment...
** Rails loaded.
** Loading any Rails specific GemPlugins
** Signals ready.  TERM => stop.  USR2 => restart.  INT => stop (no restart).
** Rails signals registered.  HUP => reload (without restart).  It might not work well.
** Mongrel 1.1.5 available at 0.0.0.0:3000
** Writing PID file to /Users/myshen/work/sites/old_cchdo_white/trunk/tmp/pids/mongrel.pid
** TERM signal received.
** Daemonized, any open files are closed.  Look at /Users/myshen/work/sites/old_cchdo_white/trunk/tmp/pids/mongrel.pid and log/mongrel.log for info.
** Starting Mongrel listening at 0.0.0.0:3000
** Starting Rails with development environment...
** Rails loaded.
** Loading any Rails specific GemPlugins
** Signals ready.  TERM => stop.  USR2 => restart.  INT => stop (no restart).
** Rails signals registered.  HUP => reload (without restart).  It might not work well.
** Mongrel 1.1.5 available at 0.0.0.0:3000
** Writing PID file to /Users/myshen/work/sites/old_cchdo_white/trunk/tmp/pids/mongrel.pid
There are 48 columns.
Converting BTLNBR from string to integer representation in bottle data.
Converting SAMPNO from string to integer representation in bottle data.
There are 48 columns.
Converting BTLNBR from string to integer representation in bottle data.
Converting SAMPNO from string to integer representation in bottle data.
There are 48 columns.
Converting BTLNBR from string to integer representation in bottle data.
Converting SAMPNO from string to integer representation in bottle data.
There are 48 columns.
Converting BTLNBR from string to integer representation in bottle data.
Converting SAMPNO from string to integer representation in bottle data.
There are 48 columns.
Converting BTLNBR from string to integer representation in bottle data.
Converting SAMPNO from string to integer representation in bottle data.
There are 48 columns.
Converting BTLNBR from string to integer representation in bottle data.
Converting SAMPNO from string to integer representation in bottle data.
There are 48 columns.
Converting BTLNBR from string to integer representation in bottle data.
Converting SAMPNO from string to integer representation in bottle data.
There are 48 columns.
Converting BTLNBR from string to integer representation in bottle data.
Converting SAMPNO from string to integer representation in bottle data.
There are 48 columns.
Converting BTLNBR from string to integer representation in bottle data.
Converting SAMPNO from string to integer representation in bottle data.
There are 48 columns.
Converting BTLNBR from string to integer representation in bottle data.
Converting SAMPNO from string to integer representation in bottle data.
There are 48 columns.
Converting BTLNBR from string to integer representation in bottle data.
Converting SAMPNO from string to integer representation in bottle data.
There are 48 columns.
Converting BTLNBR from string to integer representation in bottle data.
Converting SAMPNO from string to integer representation in bottle data.
There are 48 columns.
Converting BTLNBR from string to integer representation in bottle data.
Converting SAMPNO from string to integer representation in bottle data.
There are 48 columns.
Converting BTLNBR from string to integer representation in bottle data.
Converting SAMPNO from string to integer representation in bottle data.
There are 48 columns.
Converting BTLNBR from string to integer representation in bottle data.
Converting SAMPNO from string to integer representation in bottle data.
IDENTIFIER=BTLNBR
'Code' wasn't found in the primary parameter names, 
and no alias was found.  Excluding Code
BTLNBR will be represented as a string, since the value: is not a two digit integer. Found on line 7, column 5.
Representing BTLNBR as a string in merge data.
There are 48 columns.
Converting BTLNBR from string to integer representation in bottle data.
Converting SAMPNO from string to integer representation in bottle data.
There are 48 columns.
Converting BTLNBR from string to integer representation in bottle data.
Converting SAMPNO from string to integer representation in bottle data.
There are 85 columns.
Converting BTLNBR from string to integer representation in bottle data.
Converting SAMPNO from string to integer representation in bottle data.
There are 48 columns.
Converting BTLNBR from string to integer representation in bottle data.
Converting SAMPNO from string to integer representation in bottle data.
IDENTIFIER=BTLNBR
'Code' wasn't found in the primary parameter names, 
and no alias was found.  Excluding Code
BTLNBR will be represented as a string, since the value: is not a two digit integer. Found on line 7, column 5.
Representing BTLNBR as a string in merge data.
There are 48 columns.
Converting BTLNBR from string to integer representation in bottle data.
Converting SAMPNO from string to integer representation in bottle data.
There are 48 columns.
Converting BTLNBR from string to integer representation in bottle data.
Converting SAMPNO from string to integer representation in bottle data.
There are 48 columns.
Converting BTLNBR from string to integer representation in bottle data.
Converting SAMPNO from string to integer representation in bottle data.
There are 50 columns.
Converting BTLNBR from string to integer representation in bottle data.
Converting SAMPNO from string to integer representation in bottle data.
